#
# There is insufficient memory for the Java Runtime Environment to continue.
# Native memory allocation (malloc) failed to allocate 2110208 bytes for Chunk::new
# Possible reasons:
#   The system is out of physical RAM or swap space
#   The process is running with CompressedOops enabled, and the Java Heap may be blocking the growth of the native heap
# Possible solutions:
#   Reduce memory load on the system
#   Increase physical memory or swap space
#   Check if swap backing store is full
#   Decrease Java heap size (-Xmx/-Xms)
#   Decrease number of Java threads
#   Decrease Java thread stack sizes (-Xss)
#   Set larger code cache with -XX:ReservedCodeCacheSize=
#   JVM is running with Unscaled Compressed Oops mode in which the Java heap is
#     placed in the first 4GB address space. The Java Heap base address is the
#     maximum limit for the native heap growth. Please use -XX:HeapBaseMinAddress
#     to set the Java Heap base and to place the Java Heap above 4GB virtual address.
# This output file may be truncated or incomplete.
#
#  Out of Memory Error (allocation.cpp:389), pid=17656, tid=0x0000000000001b20
#
# JRE version: Java(TM) SE Runtime Environment (8.0_241-b07) (build 1.8.0_241-b07)
# Java VM: Java HotSpot(TM) 64-Bit Server VM (25.241-b07 mixed mode windows-amd64 compressed oops)
# Failed to write core dump. Minidumps are not enabled by default on client versions of Windows
#

---------------  T H R E A D  ---------------

Current thread (0x000000001978c800):  JavaThread "C2 CompilerThread0" daemon [_thread_in_native, id=6944, stack(0x000000001a090000,0x000000001a190000)]

Stack: [0x000000001a090000,0x000000001a190000]
[error occurred during error reporting (printing stack bounds), id 0xc0000005]

Native frames: (J=compiled Java code, j=interpreted, Vv=VM code, C=native code)


Current CompileTask:
C2:   8911 3982       4       org.antlr.v4.runtime.atn.ParserATNSimulator::closureCheckingStopState (244 bytes)


---------------  P R O C E S S  ---------------

Java Threads: ( => current thread )
  0x000000001d224000 JavaThread "InterruptTimer" daemon [_thread_blocked, id=14472, stack(0x000000001e310000,0x000000001e410000)]
  0x000000001b824800 JavaThread "oracle.jdbc.driver.BlockSource.ThreadedCachingBlockSource.BlockReleaser" daemon [_thread_blocked, id=21376, stack(0x000000001e210000,0x000000001e310000)]
  0x000000001bdbf800 JavaThread "Timer-0" daemon [_thread_blocked, id=19036, stack(0x000000001dee0000,0x000000001dfe0000)]
  0x000000001a4ab000 JavaThread "Service Thread" daemon [_thread_blocked, id=9508, stack(0x000000001ac90000,0x000000001ad90000)]
  0x000000001980c000 JavaThread "C1 CompilerThread3" daemon [_thread_blocked, id=21496, stack(0x000000001a390000,0x000000001a490000)]
  0x000000001978e000 JavaThread "C2 CompilerThread2" daemon [_thread_in_native, id=13156, stack(0x000000001a290000,0x000000001a390000)]
  0x000000001978d000 JavaThread "C2 CompilerThread1" daemon [_thread_in_native, id=11140, stack(0x000000001a190000,0x000000001a290000)]
=>0x000000001978c800 JavaThread "C2 CompilerThread0" daemon [_thread_in_native, id=6944, stack(0x000000001a090000,0x000000001a190000)]
  0x00000000194cf000 JavaThread "JDWP Command Reader" daemon [_thread_in_native, id=14044, stack(0x0000000019f90000,0x000000001a090000)]
  0x00000000194cc000 JavaThread "JDWP Event Helper Thread" daemon [_thread_blocked, id=11756, stack(0x0000000019e90000,0x0000000019f90000)]
  0x00000000194c1000 JavaThread "JDWP Transport Listener: dt_socket" daemon [_thread_blocked, id=7968, stack(0x0000000019d90000,0x0000000019e90000)]
  0x00000000194bd800 JavaThread "Attach Listener" daemon [_thread_blocked, id=17512, stack(0x0000000019c90000,0x0000000019d90000)]
  0x00000000194bc000 JavaThread "Signal Dispatcher" daemon [_thread_blocked, id=15496, stack(0x0000000019b90000,0x0000000019c90000)]
  0x00000000026fb000 JavaThread "Finalizer" daemon [_thread_blocked, id=1156, stack(0x0000000019980000,0x0000000019a80000)]
  0x00000000194a0800 JavaThread "Reference Handler" daemon [_thread_blocked, id=12540, stack(0x0000000019880000,0x0000000019980000)]
  0x0000000002605800 JavaThread "main" [_thread_in_native, id=14576, stack(0x0000000002320000,0x0000000002420000)]

Other Threads:
  0x0000000017679800 VMThread [stack: 0x0000000019380000,0x0000000019480000] [id=20588]
  0x000000001a569800 WatcherThread [stack: 0x000000001aee0000,0x000000001afe0000] [id=14712]

VM state:not at safepoint (normal execution)

VM Mutex/Monitor currently owned by a thread: None

heap address: 0x0000000081c00000, size: 2020 MB, Compressed Oops mode: 32-bit
Narrow klass base: 0x0000000000000000, Narrow klass shift: 3
Compressed class space size: 1073741824 Address: 0x0000000100000000

Heap:
 PSYoungGen      total 215040K, used 65774K [0x00000000d5f00000, 0x00000000e4600000, 0x0000000100000000)
  eden space 203776K, 26% used [0x00000000d5f00000,0x00000000d943f7e8,0x00000000e2600000)
  from space 11264K, 99% used [0x00000000e3b00000,0x00000000e45fc340,0x00000000e4600000)
  to   space 14336K, 0% used [0x00000000e2a00000,0x00000000e2a00000,0x00000000e3800000)
 ParOldGen       total 68608K, used 14076K [0x0000000081c00000, 0x0000000085f00000, 0x00000000d5f00000)
  object space 68608K, 20% used [0x0000000081c00000,0x00000000829bf068,0x0000000085f00000)
 Metaspace       used 51082K, capacity 52670K, committed 53120K, reserved 1095680K
  class space    used 7143K, capacity 7445K, committed 7552K, reserved 1048576K

Card table byte_map: [0x0000000011ac0000,0x0000000011ec0000] byte_map_base: 0x00000000116b2000

Marking Bits: (ParMarkBitMap*) 0x0000000058d2be30
 Begin Bits: [0x0000000012970000, 0x0000000014900000)
 End Bits:   [0x0000000014900000, 0x0000000016890000)

Polling page: 0x0000000000b40000

CodeCache: size=245760Kb used=14239Kb max_used=14253Kb free=231520Kb
 bounds [0x0000000002700000, 0x0000000003500000, 0x0000000011700000]
 total_blobs=4615 nmethods=4033 adapters=501
 compilation: enabled

Compilation events (10 events):
Event: 8.861 Thread 0x000000001980c000 4065       3       org.antlr.v4.runtime.atn.ParserATNSimulator::closure (44 bytes)
Event: 8.862 Thread 0x000000001980c000 nmethod 4065 0x00000000034e6490 code [0x00000000034e6600, 0x00000000034e6868]
Event: 8.862 Thread 0x000000001980c000 4066       3       org.antlr.v4.runtime.atn.ATNConfig::<init> (26 bytes)
Event: 8.862 Thread 0x000000001980c000 nmethod 4066 0x00000000034e6090 code [0x00000000034e61e0, 0x00000000034e63d0]
Event: 8.865 Thread 0x000000001978e000 nmethod 4044 0x00000000034eef90 code [0x00000000034ef180, 0x00000000034f0638]
Event: 8.865 Thread 0x000000001978e000 4059       4       org.antlr.v4.runtime.atn.ParserATNSimulator::canDropLoopEntryEdgeInLeftRecursiveRule (328 bytes)
Event: 8.865 Thread 0x000000001980c000 4067       3       org.antlr.v4.runtime.atn.ATNConfigSet::<init> (6 bytes)
Event: 8.866 Thread 0x000000001980c000 nmethod 4067 0x00000000034e5cd0 code [0x00000000034e5e40, 0x00000000034e5fe8]
Event: 8.878 Thread 0x000000001978e000 nmethod 4059 0x00000000034f1750 code [0x00000000034f1980, 0x00000000034f2410]
Event: 8.878 Thread 0x000000001978e000 4043       4       org.antlr.v4.runtime.atn.ATNConfigSet::add (142 bytes)

GC Heap History (10 events):
Event: 4.355 GC heap before
{Heap before GC invocations=6 (full 1):
 PSYoungGen      total 71680K, used 5097K [0x00000000d5f00000, 0x00000000df400000, 0x0000000100000000)
  eden space 66560K, 0% used [0x00000000d5f00000,0x00000000d5f00000,0x00000000da000000)
  from space 5120K, 99% used [0x00000000da000000,0x00000000da4fa740,0x00000000da500000)
  to   space 9728K, 0% used [0x00000000dea80000,0x00000000dea80000,0x00000000df400000)
 ParOldGen       total 87552K, used 4805K [0x0000000081c00000, 0x0000000087180000, 0x00000000d5f00000)
  object space 87552K, 5% used [0x0000000081c00000,0x00000000820b14d8,0x0000000087180000)
 Metaspace       used 20357K, capacity 21086K, committed 21248K, reserved 1067008K
  class space    used 2604K, capacity 2793K, committed 2816K, reserved 1048576K
Event: 4.393 GC heap after
Heap after GC invocations=6 (full 1):
 PSYoungGen      total 71680K, used 0K [0x00000000d5f00000, 0x00000000df400000, 0x0000000100000000)
  eden space 66560K, 0% used [0x00000000d5f00000,0x00000000d5f00000,0x00000000da000000)
  from space 5120K, 0% used [0x00000000da000000,0x00000000da000000,0x00000000da500000)
  to   space 9728K, 0% used [0x00000000dea80000,0x00000000dea80000,0x00000000df400000)
 ParOldGen       total 52224K, used 9583K [0x0000000081c00000, 0x0000000084f00000, 0x00000000d5f00000)
  object space 52224K, 18% used [0x0000000081c00000,0x000000008255bdf0,0x0000000084f00000)
 Metaspace       used 20357K, capacity 21086K, committed 21248K, reserved 1067008K
  class space    used 2604K, capacity 2793K, committed 2816K, reserved 1048576K
}
Event: 5.591 GC heap before
{Heap before GC invocations=7 (full 1):
 PSYoungGen      total 71680K, used 66560K [0x00000000d5f00000, 0x00000000df400000, 0x0000000100000000)
  eden space 66560K, 100% used [0x00000000d5f00000,0x00000000da000000,0x00000000da000000)
  from space 5120K, 0% used [0x00000000da000000,0x00000000da000000,0x00000000da500000)
  to   space 9728K, 0% used [0x00000000dea80000,0x00000000dea80000,0x00000000df400000)
 ParOldGen       total 52224K, used 9583K [0x0000000081c00000, 0x0000000084f00000, 0x00000000d5f00000)
  object space 52224K, 18% used [0x0000000081c00000,0x000000008255bdf0,0x0000000084f00000)
 Metaspace       used 30327K, capacity 31264K, committed 31744K, reserved 1077248K
  class space    used 4068K, capacity 4276K, committed 4352K, reserved 1048576K
Event: 5.603 GC heap after
Heap after GC invocations=7 (full 1):
 PSYoungGen      total 130048K, used 9532K [0x00000000d5f00000, 0x00000000df400000, 0x0000000100000000)
  eden space 120320K, 0% used [0x00000000d5f00000,0x00000000d5f00000,0x00000000dd480000)
  from space 9728K, 97% used [0x00000000dea80000,0x00000000df3cf380,0x00000000df400000)
  to   space 11264K, 0% used [0x00000000dde00000,0x00000000dde00000,0x00000000de900000)
 ParOldGen       total 52224K, used 9591K [0x0000000081c00000, 0x0000000084f00000, 0x00000000d5f00000)
  object space 52224K, 18% used [0x0000000081c00000,0x000000008255ddf0,0x0000000084f00000)
 Metaspace       used 30327K, capacity 31264K, committed 31744K, reserved 1077248K
  class space    used 4068K, capacity 4276K, committed 4352K, reserved 1048576K
}
Event: 6.091 GC heap before
{Heap before GC invocations=8 (full 1):
 PSYoungGen      total 130048K, used 45532K [0x00000000d5f00000, 0x00000000df400000, 0x0000000100000000)
  eden space 120320K, 29% used [0x00000000d5f00000,0x00000000d8227e90,0x00000000dd480000)
  from space 9728K, 97% used [0x00000000dea80000,0x00000000df3cf380,0x00000000df400000)
  to   space 11264K, 0% used [0x00000000dde00000,0x00000000dde00000,0x00000000de900000)
 ParOldGen       total 52224K, used 9591K [0x0000000081c00000, 0x0000000084f00000, 0x00000000d5f00000)
  object space 52224K, 18% used [0x0000000081c00000,0x000000008255ddf0,0x0000000084f00000)
 Metaspace       used 34243K, capacity 35238K, committed 35416K, reserved 1079296K
  class space    used 4607K, capacity 4859K, committed 4864K, reserved 1048576K
Event: 6.099 GC heap after
Heap after GC invocations=8 (full 1):
 PSYoungGen      total 141312K, used 6756K [0x00000000d5f00000, 0x00000000e4600000, 0x0000000100000000)
  eden space 130048K, 0% used [0x00000000d5f00000,0x00000000d5f00000,0x00000000dde00000)
  from space 11264K, 59% used [0x00000000dde00000,0x00000000de4990f8,0x00000000de900000)
  to   space 11264K, 0% used [0x00000000e3b00000,0x00000000e3b00000,0x00000000e4600000)
 ParOldGen       total 52224K, used 9599K [0x0000000081c00000, 0x0000000084f00000, 0x00000000d5f00000)
  object space 52224K, 18% used [0x0000000081c00000,0x000000008255fdf0,0x0000000084f00000)
 Metaspace       used 34243K, capacity 35238K, committed 35416K, reserved 1079296K
  class space    used 4607K, capacity 4859K, committed 4864K, reserved 1048576K
}
Event: 6.099 GC heap before
{Heap before GC invocations=9 (full 2):
 PSYoungGen      total 141312K, used 6756K [0x00000000d5f00000, 0x00000000e4600000, 0x0000000100000000)
  eden space 130048K, 0% used [0x00000000d5f00000,0x00000000d5f00000,0x00000000dde00000)
  from space 11264K, 59% used [0x00000000dde00000,0x00000000de4990f8,0x00000000de900000)
  to   space 11264K, 0% used [0x00000000e3b00000,0x00000000e3b00000,0x00000000e4600000)
 ParOldGen       total 52224K, used 9599K [0x0000000081c00000, 0x0000000084f00000, 0x00000000d5f00000)
  object space 52224K, 18% used [0x0000000081c00000,0x000000008255fdf0,0x0000000084f00000)
 Metaspace       used 34243K, capacity 35238K, committed 35416K, reserved 1079296K
  class space    used 4607K, capacity 4859K, committed 4864K, reserved 1048576K
Event: 6.149 GC heap after
Heap after GC invocations=9 (full 2):
 PSYoungGen      total 141312K, used 0K [0x00000000d5f00000, 0x00000000e4600000, 0x0000000100000000)
  eden space 130048K, 0% used [0x00000000d5f00000,0x00000000d5f00000,0x00000000dde00000)
  from space 11264K, 0% used [0x00000000dde00000,0x00000000dde00000,0x00000000de900000)
  to   space 11264K, 0% used [0x00000000e3b00000,0x00000000e3b00000,0x00000000e4600000)
 ParOldGen       total 68608K, used 11682K [0x0000000081c00000, 0x0000000085f00000, 0x00000000d5f00000)
  object space 68608K, 17% used [0x0000000081c00000,0x0000000082768ab0,0x0000000085f00000)
 Metaspace       used 34243K, capacity 35238K, committed 35416K, reserved 1079296K
  class space    used 4607K, capacity 4859K, committed 4864K, reserved 1048576K
}
Event: 8.235 GC heap before
{Heap before GC invocations=10 (full 2):
 PSYoungGen      total 141312K, used 130048K [0x00000000d5f00000, 0x00000000e4600000, 0x0000000100000000)
  eden space 130048K, 100% used [0x00000000d5f00000,0x00000000dde00000,0x00000000dde00000)
  from space 11264K, 0% used [0x00000000dde00000,0x00000000dde00000,0x00000000de900000)
  to   space 11264K, 0% used [0x00000000e3b00000,0x00000000e3b00000,0x00000000e4600000)
 ParOldGen       total 68608K, used 11682K [0x0000000081c00000, 0x0000000085f00000, 0x00000000d5f00000)
  object space 68608K, 17% used [0x0000000081c00000,0x0000000082768ab0,0x0000000085f00000)
 Metaspace       used 46959K, capacity 48302K, committed 48512K, reserved 1091584K
  class space    used 6455K, capacity 6731K, committed 6784K, reserved 1048576K
Event: 8.247 GC heap after
Heap after GC invocations=10 (full 2):
 PSYoungGen      total 215040K, used 11248K [0x00000000d5f00000, 0x00000000e4600000, 0x0000000100000000)
  eden space 203776K, 0% used [0x00000000d5f00000,0x00000000d5f00000,0x00000000e2600000)
  from space 11264K, 99% used [0x00000000e3b00000,0x00000000e45fc340,0x00000000e4600000)
  to   space 14336K, 0% used [0x00000000e2a00000,0x00000000e2a00000,0x00000000e3800000)
 ParOldGen       total 68608K, used 14076K [0x0000000081c00000, 0x0000000085f00000, 0x00000000d5f00000)
  object space 68608K, 20% used [0x0000000081c00000,0x00000000829bf068,0x0000000085f00000)
 Metaspace       used 46959K, capacity 48302K, committed 48512K, reserved 1091584K
  class space    used 6455K, capacity 6731K, committed 6784K, reserved 1048576K
}

Deoptimization events (10 events):
Event: 8.827 Thread 0x0000000002605800 Uncommon trap: reason=array_check action=maybe_recompile pc=0x00000000034d725c method=org.antlr.v4.runtime.misc.Array2DHashSet.getOrAddImpl(Ljava/lang/Object;)Ljava/lang/Object; @ 36
Event: 8.827 Thread 0x0000000002605800 Uncommon trap: reason=array_check action=maybe_recompile pc=0x00000000034d725c method=org.antlr.v4.runtime.misc.Array2DHashSet.getOrAddImpl(Ljava/lang/Object;)Ljava/lang/Object; @ 36
Event: 8.827 Thread 0x0000000002605800 Uncommon trap: reason=array_check action=maybe_recompile pc=0x00000000034d725c method=org.antlr.v4.runtime.misc.Array2DHashSet.getOrAddImpl(Ljava/lang/Object;)Ljava/lang/Object; @ 36
Event: 8.827 Thread 0x0000000002605800 Uncommon trap: reason=array_check action=maybe_recompile pc=0x00000000034db4f8 method=org.antlr.v4.runtime.misc.Array2DHashSet.getOrAddImpl(Ljava/lang/Object;)Ljava/lang/Object; @ 36
Event: 8.842 Thread 0x0000000002605800 Uncommon trap: reason=class_check action=maybe_recompile pc=0x00000000034ca49c method=org.antlr.v4.runtime.atn.ParserATNSimulator.canDropLoopEntryEdgeInLeftRecursiveRule(Lorg/antlr/v4/runtime/atn/ATNConfig;)Z @ 92
Event: 8.842 Thread 0x0000000002605800 Uncommon trap: reason=class_check action=maybe_recompile pc=0x00000000034ca49c method=org.antlr.v4.runtime.atn.ParserATNSimulator.canDropLoopEntryEdgeInLeftRecursiveRule(Lorg/antlr/v4/runtime/atn/ATNConfig;)Z @ 92
Event: 8.842 Thread 0x0000000002605800 Uncommon trap: reason=class_check action=maybe_recompile pc=0x00000000034ca49c method=org.antlr.v4.runtime.atn.ParserATNSimulator.canDropLoopEntryEdgeInLeftRecursiveRule(Lorg/antlr/v4/runtime/atn/ATNConfig;)Z @ 92
Event: 8.842 Thread 0x0000000002605800 Uncommon trap: reason=class_check action=maybe_recompile pc=0x00000000034ca49c method=org.antlr.v4.runtime.atn.ParserATNSimulator.canDropLoopEntryEdgeInLeftRecursiveRule(Lorg/antlr/v4/runtime/atn/ATNConfig;)Z @ 92
Event: 8.865 Thread 0x0000000002605800 Uncommon trap: reason=array_check action=maybe_recompile pc=0x00000000034effd4 method=org.antlr.v4.runtime.misc.Array2DHashSet.getOrAddImpl(Ljava/lang/Object;)Ljava/lang/Object; @ 74
Event: 8.865 Thread 0x0000000002605800 Uncommon trap: reason=array_check action=maybe_recompile pc=0x00000000034effd4 method=org.antlr.v4.runtime.misc.Array2DHashSet.getOrAddImpl(Ljava/lang/Object;)Ljava/lang/Object; @ 74

Classes redefined (0 events):
No events

Internal exceptions (10 events):
Event: 7.387 Thread 0x0000000002605800 Exception <a 'java/lang/ClassNotFoundException': org/springframework/data/jpa/domain/support/AuditingEntityListenerBeanInfo> (0x00000000d9fe5078) thrown at [C:\ade\jenkins\workspace\8-2-build-windows-amd64-cygwin\jdk8u241\331\hotspot\src\share\vm\classfil
Event: 7.387 Thread 0x0000000002605800 Exception <a 'java/lang/ClassNotFoundException': org/springframework/data/jpa/domain/support/AuditingEntityListenerCustomizer> (0x00000000d9ffb628) thrown at [C:\ade\jenkins\workspace\8-2-build-windows-amd64-cygwin\jdk8u241\331\hotspot\src\share\vm\classf
Event: 7.388 Thread 0x0000000002605800 Exception <a 'java/lang/ClassNotFoundException': org/springframework/beans/factory/aspectj/ConfigurableObjectBeanInfo> (0x00000000da016750) thrown at [C:\ade\jenkins\workspace\8-2-build-windows-amd64-cygwin\jdk8u241\331\hotspot\src\share\vm\classfile\syst
Event: 7.388 Thread 0x0000000002605800 Exception <a 'java/lang/ClassNotFoundException': org/springframework/beans/factory/aspectj/ConfigurableObjectCustomizer> (0x00000000da02b7c0) thrown at [C:\ade\jenkins\workspace\8-2-build-windows-amd64-cygwin\jdk8u241\331\hotspot\src\share\vm\classfile\sy
Event: 7.567 Thread 0x0000000002605800 Exception <a 'java/lang/IncompatibleClassChangeError': Found class java.lang.Object, but interface was expected> (0x00000000db3c35b0) thrown at [C:\ade\jenkins\workspace\8-2-build-windows-amd64-cygwin\jdk8u241\331\hotspot\src\share\vm\interpreter\linkReso
Event: 7.567 Thread 0x0000000002605800 Exception <a 'java/lang/NoSuchMethodError': java.lang.Object.lambda$comparingInt$7b0bb60$1(Ljava/util/function/ToIntFunction;Ljava/lang/Object;Ljava/lang/Object;)I> (0x00000000db3c70b8) thrown at [C:\ade\jenkins\workspace\8-2-build-windows-amd64-cygwin\jd
Event: 7.568 Thread 0x0000000002605800 Exception <a 'java/lang/NoSuchMethodError': java.lang.Object.lambda$thenComparing$36697e65$1(Ljava/util/Comparator;Ljava/lang/Object;Ljava/lang/Object;)I> (0x00000000db3d3a58) thrown at [C:\ade\jenkins\workspace\8-2-build-windows-amd64-cygwin\jdk8u241\331
Event: 8.200 Thread 0x0000000002605800 Exception <a 'java/lang/NullPointerException'> (0x00000000ddbd3318) thrown at [C:\ade\jenkins\workspace\8-2-build-windows-amd64-cygwin\jdk8u241\331\hotspot\src\share\vm\interpreter\linkResolver.cpp, line 1287]
Event: 8.328 Thread 0x0000000002605800 Exception <a 'java/lang/IncompatibleClassChangeError': Found class java.lang.Object, but interface was expected> (0x00000000d6580740) thrown at [C:\ade\jenkins\workspace\8-2-build-windows-amd64-cygwin\jdk8u241\331\hotspot\src\share\vm\interpreter\linkReso
Event: 8.380 Thread 0x0000000002605800 Exception <a 'java/lang/ClassNotFoundException': java/util/Map_> (0x00000000d6a13610) thrown at [C:\ade\jenkins\workspace\8-2-build-windows-amd64-cygwin\jdk8u241\331\hotspot\src\share\vm\classfile\systemDictionary.cpp, line 210]

Events (10 events):
Event: 8.906 loading class org/hibernate/query/sqm/tree/expression/JpaCriteriaParameter
Event: 8.906 loading class org/hibernate/query/sqm/tree/expression/JpaCriteriaParameter done
Event: 8.906 Thread 0x0000000002605800 DEOPT PACKING pc=0x0000000003348278 sp=0x000000000241b480
Event: 8.906 Thread 0x0000000002605800 DEOPT UNPACKING pc=0x0000000002747890 sp=0x000000000241b0a8 mode 1
Event: 8.908 loading class org/hibernate/query/sqm/tree/expression/SqmParameter
Event: 8.908 loading class org/hibernate/query/sqm/tree/expression/SqmParameter done
Event: 8.908 loading class org/hibernate/query/sqm/tree/expression/SqmParameter
Event: 8.908 loading class org/hibernate/query/sqm/tree/expression/SqmParameter done
Event: 8.908 loading class org/hibernate/query/sqm/tree/expression/SqmParameter
Event: 8.908 loading class org/hibernate/query/sqm/tree/expression/SqmParameter done


Dynamic libraries:
0x00007ff767f70000 - 0x00007ff767fa7000 	C:\Program Files\Java\jdk1.8.0_241\bin\java.exe
0x00007ffef1850000 - 0x00007ffef1a45000 	C:\WINDOWS\SYSTEM32\ntdll.dll
0x00007ffeefaa0000 - 0x00007ffeefb5d000 	C:\WINDOWS\System32\KERNEL32.DLL
0x00007ffeef280000 - 0x00007ffeef54d000 	C:\WINDOWS\System32\KERNELBASE.dll
0x00007ffef08f0000 - 0x00007ffef099e000 	C:\WINDOWS\System32\ADVAPI32.dll
0x00007ffef0850000 - 0x00007ffef08ee000 	C:\WINDOWS\System32\msvcrt.dll
0x00007ffeefb60000 - 0x00007ffeefbfc000 	C:\WINDOWS\System32\sechost.dll
0x00007ffef16e0000 - 0x00007ffef1805000 	C:\WINDOWS\System32\RPCRT4.dll
0x00007ffeef8a0000 - 0x00007ffeefa40000 	C:\WINDOWS\System32\USER32.dll
0x00007ffeef790000 - 0x00007ffeef7b2000 	C:\WINDOWS\System32\win32u.dll
0x00007ffef0580000 - 0x00007ffef05aa000 	C:\WINDOWS\System32\GDI32.dll
0x00007ffeeef60000 - 0x00007ffeef06b000 	C:\WINDOWS\System32\gdi32full.dll
0x00007ffeef1e0000 - 0x00007ffeef27d000 	C:\WINDOWS\System32\msvcp_win.dll
0x00007ffeef070000 - 0x00007ffeef170000 	C:\WINDOWS\System32\ucrtbase.dll
0x00007ffed6500000 - 0x00007ffed679a000 	C:\WINDOWS\WinSxS\amd64_microsoft.windows.common-controls_6595b64144ccf1df_6.0.19041.1110_none_60b5254171f9507e\COMCTL32.dll
0x00007ffef0820000 - 0x00007ffef0850000 	C:\WINDOWS\System32\IMM32.DLL
0x0000000059450000 - 0x0000000059522000 	C:\Program Files\Java\jdk1.8.0_241\jre\bin\msvcr100.dll
0x0000000058500000 - 0x0000000058dac000 	C:\Program Files\Java\jdk1.8.0_241\jre\bin\server\jvm.dll
0x00007ffef16d0000 - 0x00007ffef16d8000 	C:\WINDOWS\System32\PSAPI.DLL
0x00007ffed6280000 - 0x00007ffed62a7000 	C:\WINDOWS\SYSTEM32\WINMM.dll
0x00007ffee9670000 - 0x00007ffee967a000 	C:\WINDOWS\SYSTEM32\VERSION.dll
0x00007ffede7d0000 - 0x00007ffede7d9000 	C:\WINDOWS\SYSTEM32\WSOCK32.dll
0x00007ffef09b0000 - 0x00007ffef0a1b000 	C:\WINDOWS\System32\WS2_32.dll
0x00007ffee3620000 - 0x00007ffee362f000 	C:\Program Files\Java\jdk1.8.0_241\jre\bin\verify.dll
0x00007ffee35f0000 - 0x00007ffee3619000 	C:\Program Files\Java\jdk1.8.0_241\jre\bin\java.dll
0x00007ffece510000 - 0x00007ffece545000 	C:\Program Files\Java\jdk1.8.0_241\jre\bin\jdwp.dll
0x00007ffed7590000 - 0x00007ffed7598000 	C:\Program Files\Java\jdk1.8.0_241\jre\bin\npt.dll
0x00007ffeca660000 - 0x00007ffeca683000 	C:\Program Files\Java\jdk1.8.0_241\jre\bin\instrument.dll
0x00007ffee35d0000 - 0x00007ffee35e6000 	C:\Program Files\Java\jdk1.8.0_241\jre\bin\zip.dll
0x00007ffeefcf0000 - 0x00007ffef0434000 	C:\WINDOWS\System32\SHELL32.dll
0x00007ffeecd60000 - 0x00007ffeed4f4000 	C:\WINDOWS\SYSTEM32\windows.storage.dll
0x00007ffef0ca0000 - 0x00007ffef0ff4000 	C:\WINDOWS\System32\combase.dll
0x00007ffeee8f0000 - 0x00007ffeee91c000 	C:\WINDOWS\SYSTEM32\Wldp.dll
0x00007ffef1000000 - 0x00007ffef10ad000 	C:\WINDOWS\System32\SHCORE.dll
0x00007ffeefa40000 - 0x00007ffeefa95000 	C:\WINDOWS\System32\shlwapi.dll
0x00007ffeeeea0000 - 0x00007ffeeeebf000 	C:\WINDOWS\SYSTEM32\profapi.dll
0x00007ffed4400000 - 0x00007ffed4409000 	C:\Program Files\Java\jdk1.8.0_241\jre\bin\dt_socket.dll
0x00007ffeee650000 - 0x00007ffeee6ba000 	C:\WINDOWS\system32\mswsock.dll
0x00007ffed75c0000 - 0x00007ffed75da000 	C:\Program Files\Java\jdk1.8.0_241\jre\bin\net.dll
0x00007ffed75a0000 - 0x00007ffed75b2000 	C:\Program Files\Java\jdk1.8.0_241\jre\bin\nio.dll
0x00007ffed3d80000 - 0x00007ffed3d8d000 	C:\Program Files\Java\jdk1.8.0_241\jre\bin\management.dll
0x00007ffeee850000 - 0x00007ffeee868000 	C:\WINDOWS\SYSTEM32\CRYPTSP.dll
0x00007ffeedfd0000 - 0x00007ffeee004000 	C:\WINDOWS\system32\rsaenh.dll
0x00007ffeef550000 - 0x00007ffeef577000 	C:\WINDOWS\System32\bcrypt.dll
0x00007ffeeee60000 - 0x00007ffeeee8e000 	C:\WINDOWS\SYSTEM32\USERENV.dll
0x00007ffeef810000 - 0x00007ffeef892000 	C:\WINDOWS\System32\bcryptprimitives.dll
0x00007ffeee840000 - 0x00007ffeee84c000 	C:\WINDOWS\SYSTEM32\CRYPTBASE.dll
0x00007ffeee340000 - 0x00007ffeee37b000 	C:\WINDOWS\SYSTEM32\IPHLPAPI.DLL
0x00007ffef16c0000 - 0x00007ffef16c8000 	C:\WINDOWS\System32\NSI.dll
0x00007ffee7b70000 - 0x00007ffee7b87000 	C:\WINDOWS\SYSTEM32\dhcpcsvc6.DLL
0x00007ffee8010000 - 0x00007ffee802d000 	C:\WINDOWS\SYSTEM32\dhcpcsvc.DLL
0x00007ffeee380000 - 0x00007ffeee44b000 	C:\WINDOWS\SYSTEM32\DNSAPI.dll
0x00007ffee4e90000 - 0x00007ffee4e9a000 	C:\Windows\System32\rasadhlp.dll
0x00007ffee4ea0000 - 0x00007ffee4f20000 	C:\WINDOWS\System32\fwpuclnt.dll
0x00007ffeca4b0000 - 0x00007ffeca4d4000 	C:\Program Files\Java\jdk1.8.0_241\jre\bin\sunec.dll
0x00007ffed6910000 - 0x00007ffed6927000 	C:\WINDOWS\system32\napinsp.dll
0x00007ffed64e0000 - 0x00007ffed64fb000 	C:\WINDOWS\system32\pnrpnsp.dll
0x00007ffed64c0000 - 0x00007ffed64d5000 	C:\WINDOWS\system32\wshbth.dll
0x00007ffee8f90000 - 0x00007ffee8fad000 	C:\WINDOWS\system32\NLAapi.dll
0x00007ffed64a0000 - 0x00007ffed64b2000 	C:\WINDOWS\System32\winrnr.dll

VM Arguments:
jvm_args: -agentlib:jdwp=transport=dt_socket,address=127.0.0.1:50302,suspend=y,server=n -javaagent:C:\Users\zarip\AppData\Local\JetBrains\IntelliJIdea2020.1\captureAgent\debugger-agent.jar -Dfile.encoding=UTF-8 
java_command: Executor
java_class_path (initial): C:\Program Files\Java\jdk1.8.0_241\jre\lib\charsets.jar;C:\Program Files\Java\jdk1.8.0_241\jre\lib\deploy.jar;C:\Program Files\Java\jdk1.8.0_241\jre\lib\ext\access-bridge-64.jar;C:\Program Files\Java\jdk1.8.0_241\jre\lib\ext\cldrdata.jar;C:\Program Files\Java\jdk1.8.0_241\jre\lib\ext\dnsns.jar;C:\Program Files\Java\jdk1.8.0_241\jre\lib\ext\jaccess.jar;C:\Program Files\Java\jdk1.8.0_241\jre\lib\ext\jfxrt.jar;C:\Program Files\Java\jdk1.8.0_241\jre\lib\ext\localedata.jar;C:\Program Files\Java\jdk1.8.0_241\jre\lib\ext\nashorn.jar;C:\Program Files\Java\jdk1.8.0_241\jre\lib\ext\sunec.jar;C:\Program Files\Java\jdk1.8.0_241\jre\lib\ext\sunjce_provider.jar;C:\Program Files\Java\jdk1.8.0_241\jre\lib\ext\sunmscapi.jar;C:\Program Files\Java\jdk1.8.0_241\jre\lib\ext\sunpkcs11.jar;C:\Program Files\Java\jdk1.8.0_241\jre\lib\ext\zipfs.jar;C:\Program Files\Java\jdk1.8.0_241\jre\lib\javaws.jar;C:\Program Files\Java\jdk1.8.0_241\jre\lib\jce.jar;C:\Program Files\Java\jdk1.8.0_241\jre\lib\jfr.jar;C:\Program Files\Java\jdk1.8.0_241\jre\lib\jfxswt.jar;C:\Program Files\Java\jdk1.8.0_241\jre\lib\jsse.jar;C:\Program Files\Java\jdk1.8.0_241\jre\lib\management-agent.jar;C:\Program Files\Java\jdk1.8.0_241\jre\lib\plugin.jar;C:\Program Files\Java\jdk1.8.0_241\jre\lib\resources.jar;C:\Program Files\Java\jdk1.8.0_241\jre\lib\rt.jar;C:\Users\zarip\IntelliJIDEAProjects\Study\SpringNew\SpringJPA\target\classes;C:\Users\zarip\.m2\repository\org\springframework\spring-core\5.3.9\spring-core-5.3.9.jar;C:\Users\zarip\.m2\repository\org\springframework\spring-jcl\5.3.9\spring-jcl-5.3.9.jar;C:\Users\zarip\.m2\repository\org\springframework\spring-context\5.3.9\spring-context-5.3.9.jar;C:\Users\zarip\.m2\repository\org\springframework\spring-aop\5.3.9\spring-aop-5.3.9.jar;C:\Users\zarip\.m2\repository\org\springframework\spring-beans\5.3.9\spring-beans-5.3.9.jar;C:\Users\zarip\.m2\repository\org\springframework\spring-expression\5.3.9\spring-expression-5.3.9.jar;C:\Users\zarip\.
Launcher Type: SUN_STANDARD

Environment Variables:
CLASSPATH=.;
PATH=C:\app\vladoracl\product\12.2.0\dbhome_1\bin;D:\OracleSQL\dbhomeXE\bin;C:\Program Files (x86)\Common Files\Oracle\Java\javapath;C:\Program Files\Java\jdk1.8.0_241\bin;C:\Program Files\Git\cmd;"C:\WINDOWS\system32;C:\WINDOWS;C:\WINDOWS\system32\WBEM";C:\WINDOWS\system32;C:\WINDOWS\system32;C:\WINDOWS\System32\Wbem;C:\WINDOWS\System32\WindowsPowerShell\v1.0\;C:\WINDOWS\System32\OpenSSH\;C:\Program Files\Java\jdk-14\bin;C:\Program Files\MySQL\MySQL Shell 8.0\bin\;C:\Users\zarip\AppData\Local\Microsoft\WindowsApps;C:\Program Files\JetBrains\IntelliJ IDEA Community Edition 2020.1.2\bin;C:\Program Files\JetBrains\IntelliJ IDEA 2020.1.1\bin;C:\Users\zarip\AppData\Local\GitHubDesktop\bin;"C:\WINDOWS\system32;C:\WINDOWS;C:\WINDOWS\system32\WBEM";C:\WINDOWS\system32;;C:\Users\zarip\AppData\Local\Microsoft\WindowsApps
USERNAME=zarip
OS=Windows_NT
PROCESSOR_IDENTIFIER=Intel64 Family 6 Model 142 Stepping 12, GenuineIntel



---------------  S Y S T E M  ---------------

OS: Windows 10.0 , 64 bit Build 19041 (10.0.19041.1706)

CPU:total 8 (initial active 8) (4 cores per cpu, 2 threads per core) family 6 model 142 stepping 12, cmov, cx8, fxsr, mmx, sse, sse2, sse3, ssse3, sse4.1, sse4.2, popcnt, avx, avx2, aes, clmul, erms, 3dnowpref, lzcnt, ht, tsc, tscinvbit, bmi1, bmi2, adx

Memory: 4k page, physical 8265876k(684020k free), swap 16457876k(5588k free)

vm_info: Java HotSpot(TM) 64-Bit Server VM (25.241-b07) for windows-amd64 JRE (1.8.0_241-b07), built on Dec 11 2019 10:21:40 by "rejava" with MS VC++ 10.0 (VS2010)

time: Thu May 26 16:44:02 2022
timezone: RTZ 2 (зима)
elapsed time: 8 seconds (0d 0h 0m 8s)

